# JRE version: OpenJDK Runtime Environment (8.0_92-b14) (build 1.8.0_92-b14)
# Java VM: OpenJDK 64-Bit Server VM (25.92-b14 mixed mode linux-amd64 compressed oops)
Heap:
 PSYoungGen      total 847872K, used 0K [0x000000076ab00000, 0x00000007b6880000, 0x00000007c0000000)
  eden space 615936K, 0% used [0x000000076ab00000,0x000000076ab00000,0x0000000790480000)
  from space 231936K, 0% used [0x0000000790480000,0x0000000790480000,0x000000079e700000)
  to   space 223232K, 0% used [0x00000007a8e80000,0x00000007a8e80000,0x00000007b6880000)
 ParOldGen       total 497664K, used 473277K [0x00000006c0000000, 0x00000006de600000, 0x000000076ab00000)
  object space 497664K, 95% used [0x00000006c0000000,0x00000006dce2f578,0x00000006de600000)
 Metaspace       used 6477K, capacity 7216K, committed 7296K, reserved 1056768K
  class space    used 588K, capacity 616K, committed 640K, reserved 1048576K
GC Heap History (10 events):
Event: 18.706 GC heap after
Heap after GC invocations=14 (full 2):
 PSYoungGen      total 626688K, used 124919K [0x000000076ab00000, 0x00000007a0c00000, 0x00000007c0000000)
  eden space 501760K, 0% used [0x000000076ab00000,0x000000076ab00000,0x0000000789500000)
  from space 124928K, 99% used [0x0000000793480000,0x000000079ae7dd10,0x000000079ae80000)
  to   space 163328K, 0% used [0x0000000789500000,0x0000000789500000,0x0000000793480000)
 ParOldGen       total 283648K, used 228829K [0x00000006c0000000, 0x00000006d1500000, 0x000000076ab00000)
  object space 283648K, 80% used [0x00000006c0000000,0x00000006cdf77720,0x00000006d1500000)
 Metaspace       used 6473K, capacity 7216K, committed 7296K, reserved 1056768K
  class space    used 588K, capacity 616K, committed 640K, reserved 1048576K
}
Event: 23.182 GC heap before
{Heap before GC invocations=15 (full 2):
 PSYoungGen      total 626688K, used 626679K [0x000000076ab00000, 0x00000007a0c00000, 0x00000007c0000000)
  eden space 501760K, 100% used [0x000000076ab00000,0x0000000789500000,0x0000000789500000)
  from space 124928K, 99% used [0x0000000793480000,0x000000079ae7dd10,0x000000079ae80000)
  to   space 163328K, 0% used [0x0000000789500000,0x0000000789500000,0x0000000793480000)
 ParOldGen       total 283648K, used 228829K [0x00000006c0000000, 0x00000006d1500000, 0x000000076ab00000)
  object space 283648K, 80% used [0x00000006c0000000,0x00000006cdf77720,0x00000006d1500000)
 Metaspace       used 6475K, capacity 7216K, committed 7296K, reserved 1056768K
  class space    used 588K, capacity 616K, committed 640K, reserved 1048576K
Event: 23.544 GC heap after
Heap after GC invocations=15 (full 2):
 PSYoungGen      total 665088K, used 163299K [0x000000076ab00000, 0x00000007ac200000, 0x00000007c0000000)
  eden space 501760K, 0% used [0x000000076ab00000,0x000000076ab00000,0x0000000789500000)
  from space 163328K, 99% used [0x0000000789500000,0x0000000793478d08,0x0000000793480000)
  to   space 224256K, 0% used [0x000000079e700000,0x000000079e700000,0x00000007ac200000)
 ParOldGen       total 316416K, used 316040K [0x00000006c0000000, 0x00000006d3500000, 0x000000076ab00000)
  object space 316416K, 99% used [0x00000006c0000000,0x00000006d34a2128,0x00000006d3500000)
 Metaspace       used 6475K, capacity 7216K, committed 7296K, reserved 1056768K
  class space    used 588K, capacity 616K, committed 640K, reserved 1048576K
}
Event: 23.560 GC heap before
{Heap before GC invocations=16 (full 3):
 PSYoungGen      total 665088K, used 163299K [0x000000076ab00000, 0x00000007ac200000, 0x00000007c0000000)
  eden space 501760K, 0% used [0x000000076ab00000,0x000000076ab00000,0x0000000789500000)
  from space 163328K, 99% used [0x0000000789500000,0x0000000793478d08,0x0000000793480000)
  to   space 224256K, 0% used [0x000000079e700000,0x000000079e700000,0x00000007ac200000)
 ParOldGen       total 316416K, used 316040K [0x00000006c0000000, 0x00000006d3500000, 0x000000076ab00000)
  object space 316416K, 99% used [0x00000006c0000000,0x00000006d34a2128,0x00000006d3500000)
 Metaspace       used 6475K, capacity 7216K, committed 7296K, reserved 1056768K
  class space    used 588K, capacity 616K, committed 640K, reserved 1048576K
Event: 26.038 GC heap after
Heap after GC invocations=16 (full 3):
 PSYoungGen      total 665088K, used 155082K [0x000000076ab00000, 0x00000007ac200000, 0x00000007c0000000)
  eden space 501760K, 0% used [0x000000076ab00000,0x000000076ab00000,0x0000000789500000)
  from space 163328K, 94% used [0x0000000789500000,0x0000000792c72930,0x0000000793480000)
  to   space 224256K, 0% used [0x000000079e700000,0x000000079e700000,0x00000007ac200000)
 ParOldGen       total 497664K, used 316397K [0x00000006c0000000, 0x00000006de600000, 0x000000076ab00000)
  object space 497664K, 63% used [0x00000006c0000000,0x00000006d34fb408,0x00000006de600000)
 Metaspace       used 6475K, capacity 7216K, committed 7296K, reserved 1056768K
  class space    used 588K, capacity 616K, committed 640K, reserved 1048576K
}
Event: 27.363 GC heap before
{Heap before GC invocations=17 (full 3):
 PSYoungGen      total 665088K, used 656842K [0x000000076ab00000, 0x00000007ac200000, 0x00000007c0000000)
  eden space 501760K, 100% used [0x000000076ab00000,0x0000000789500000,0x0000000789500000)
  from space 163328K, 94% used [0x0000000789500000,0x0000000792c72930,0x0000000793480000)
  to   space 224256K, 0% used [0x000000079e700000,0x000000079e700000,0x00000007ac200000)
 ParOldGen       total 497664K, used 316397K [0x00000006c0000000, 0x00000006de600000, 0x000000076ab00000)
  object space 497664K, 63% used [0x00000006c0000000,0x00000006d34fb408,0x00000006de600000)
 Metaspace       used 6477K, capacity 7216K, committed 7296K, reserved 1056768K
  class space    used 588K, capacity 616K, committed 640K, reserved 1048576K
Event: 31.916 GC heap after
Heap after GC invocations=17 (full 3):
 PSYoungGen      total 840192K, used 135958K [0x000000076ab00000, 0x00000007af880000, 0x00000007c0000000)
  eden space 615936K, 0% used [0x000000076ab00000,0x000000076ab00000,0x0000000790480000)
  from space 224256K, 60% used [0x000000079e700000,0x00000007a6bc58a0,0x00000007ac200000)
  to   space 231936K, 0% used [0x0000000790480000,0x0000000790480000,0x000000079e700000)
 ParOldGen       total 497664K, used 384341K [0x00000006c0000000, 0x00000006de600000, 0x000000076ab00000)
  object space 497664K, 77% used [0x00000006c0000000,0x00000006d77557e0,0x00000006de600000)
 Metaspace       used 6477K, capacity 7216K, committed 7296K, reserved 1056768K
  class space    used 588K, capacity 616K, committed 640K, reserved 1048576K
}
Event: 34.383 GC heap before
{Heap before GC invocations=18 (full 3):
 PSYoungGen      total 840192K, used 751894K [0x000000076ab00000, 0x00000007af880000, 0x00000007c0000000)
  eden space 615936K, 100% used [0x000000076ab00000,0x0000000790480000,0x0000000790480000)
  from space 224256K, 60% used [0x000000079e700000,0x00000007a6bc58a0,0x00000007ac200000)
  to   space 231936K, 0% used [0x0000000790480000,0x0000000790480000,0x000000079e700000)
 ParOldGen       total 497664K, used 384341K [0x00000006c0000000, 0x00000006de600000, 0x000000076ab00000)
  object space 497664K, 77% used [0x00000006c0000000,0x00000006d77557e0,0x00000006de600000)
 Metaspace       used 6477K, capacity 7216K, committed 7296K, reserved 1056768K
  class space    used 588K, capacity 616K, committed 640K, reserved 1048576K
Event: 34.564 GC heap after
Heap after GC invocations=18 (full 3):
 PSYoungGen      total 847872K, used 44827K [0x000000076ab00000, 0x00000007b6880000, 0x00000007c0000000)
  eden space 615936K, 0% used [0x000000076ab00000,0x000000076ab00000,0x0000000790480000)
  from space 231936K, 19% used [0x0000000790480000,0x0000000793046f78,0x000000079e700000)
  to   space 223232K, 0% used [0x00000007a8e80000,0x00000007a8e80000,0x00000007b6880000)
 ParOldGen       total 497664K, used 470656K [0x00000006c0000000, 0x00000006de600000, 0x000000076ab00000)
  object space 497664K, 94% used [0x00000006c0000000,0x00000006dcba0078,0x00000006de600000)
 Metaspace       used 6477K, capacity 7216K, committed 7296K, reserved 1056768K
  class space    used 588K, capacity 616K, committed 640K, reserved 1048576K
}
Event: 34.564 GC heap before
{Heap before GC invocations=19 (full 4):
 PSYoungGen      total 847872K, used 44827K [0x000000076ab00000, 0x00000007b6880000, 0x00000007c0000000)
  eden space 615936K, 0% used [0x000000076ab00000,0x000000076ab00000,0x0000000790480000)
  from space 231936K, 19% used [0x0000000790480000,0x0000000793046f78,0x000000079e700000)
  to   space 223232K, 0% used [0x00000007a8e80000,0x00000007a8e80000,0x00000007b6880000)
 ParOldGen       total 497664K, used 470656K [0x00000006c0000000, 0x00000006de600000, 0x000000076ab00000)
  object space 497664K, 94% used [0x00000006c0000000,0x00000006dcba0078,0x00000006de600000)
 Metaspace       used 6477K, capacity 7216K, committed 7296K, reserved 1056768K
  class space    used 588K, capacity 616K, committed 640K, reserved 1048576K

